<?xml version="1.0" encoding="UTF-8"?>
<!-- Generated by org.testng.reporters.JUnitXMLReporter -->
<testsuite ignored="0" hostname="LTIN654291" failures="1" tests="10" name="Test" time="180.731" errors="0" timestamp="2025-08-27T12:14:18 IST">
  <testcase classname="com.zigwheels.tests.SearchHondaBikes" name="verifyNavigationtoUpcomingHondaBikes" time="17.828"/>
  <testcase classname="com.zigwheels.tests.SearchHondaBikes" name="testSearchUpcomingHondaBikes" time="1.375"/>
  <testcase classname="com.zigwheels.tests.SearchHondaBikes" name="testBikeCardDetails" time="1.58"/>
  <testcase classname="com.zigwheels.tests.SearchHondaBikes" name="testPriceBelowThreshold" time="1.018"/>
  <testcase classname="com.zigwheels.tests.SearchHondaBikes" name="verifyNavigationtoUsedCarsinChennai" time="59.304">
    <failure type="java.lang.AssertionError" message="expected [Used Cars in Chennai - 1624 Second Hand Cars for Sale in Chennai] but found [Used Cars in Chennai - 1632 Second Hand Cars for Sale in Chennai]">
      <![CDATA[java.lang.AssertionError: expected [Used Cars in Chennai - 1624 Second Hand Cars for Sale in Chennai] but found [Used Cars in Chennai - 1632 Second Hand Cars for Sale in Chennai]
at com.zigwheels.tests.SearchHondaBikes.verifyNavigationtoUsedCarsinChennai(SearchHondaBikes.java:78)
at java.base/java.util.ArrayList.forEach(ArrayList.java:1596)
... Removed 31 stack frames]]>
    </failure>
  </testcase> <!-- verifyNavigationtoUsedCarsinChennai -->
  <testcase classname="com.zigwheels.tests.SearchHondaBikes" name="validateCars" time="1.889"/>
  <testcase classname="com.zigwheels.tests.SearchHondaBikes" name="checkBoxes" time="0.016"/>
  <testcase classname="com.zigwheels.tests.SearchHondaBikes" name="testLoginOptions" time="13.601"/>
  <testcase classname="com.zigwheels.tests.SearchHondaBikes" name="navigateToGoogleLoginWindow" time="0.828"/>
  <testcase classname="com.zigwheels.tests.SearchHondaBikes" name="validateEmail" time="51.888"/>
</testsuite> <!-- Test -->
