<?xml version="1.0" encoding="UTF-8"?>
<!-- Generated by org.testng.reporters.JUnitXMLReporter -->
<testsuite ignored="0" hostname="LTIN654291" failures="0" tests="8" name="Test2" time="59.59" errors="0" timestamp="2025-08-26T11:10:03 IST">
  <testcase classname="com.zigwheels.tests.SearchHondaBikes" name="verifyNavigationtoUpcomingHondaBikes" time="9.632"/>
  <testcase classname="com.zigwheels.tests.SearchHondaBikes" name="testSearchUpcomingHondaBikes" time="2.66"/>
  <testcase classname="com.zigwheels.tests.SearchHondaBikes" name="testBikeCardDetails" time="1.105"/>
  <testcase classname="com.zigwheels.tests.SearchHondaBikes" name="testPriceBelowThreshold" time="0.982"/>
  <testcase classname="com.zigwheels.tests.SearchHondaBikes" name="validateCars" time="11.236"/>
  <testcase classname="com.zigwheels.tests.SearchHondaBikes" name="checkBoxes" time="0.0"/>
  <testcase classname="com.zigwheels.tests.SearchHondaBikes" name="navigateToNewWindow" time="11.32"/>
  <testcase classname="com.zigwheels.tests.SearchHondaBikes" name="validateEmail" time="3.777"/>
</testsuite> <!-- Test2 -->
