<?xml version="1.0" encoding="UTF-8"?>
<!-- Generated by org.testng.reporters.JUnitXMLReporter -->
<testsuite ignored="0" hostname="LTIN654291" failures="0" tests="5" name="Test" time="54.763" errors="0" timestamp="2025-08-20T11:24:01 IST">
  <testcase classname="com.zigwheels.tests.SearchHondaBikes" name="verifyNavigationtoUpcomingHondaBikes" time="7.868"/>
  <testcase classname="com.zigwheels.tests.SearchHondaBikes" name="validateHondaBrand" time="2.17"/>
  <testcase classname="com.zigwheels.tests.SearchHondaBikes" name="validatePrice" time="0.003"/>
  <testcase classname="com.zigwheels.tests.SearchHondaBikes" name="validateCars" time="10.379"/>
  <testcase classname="com.zigwheels.tests.SearchHondaBikes" name="checkBoxes" time="15.638"/>
</testsuite> <!-- Test -->
