<?xml version="1.0" encoding="UTF-8"?>
<!-- Generated by org.testng.reporters.JUnitXMLReporter -->
<testsuite ignored="4" hostname="LTIN654291" failures="1" tests="1" name="Test(failed)" time="24.737" errors="0" timestamp="2025-08-19T14:36:51 IST">
  <testcase classname="com.zigwheels.tests.SearchHondaBikes" name="checkBoxes" time="0.086">
    <failure type="java.lang.NullPointerException" message="Cannot invoke &amp;quot;com.zigwheels.pages.UsedCars.checkPopularModels()&amp;quot; because &amp;quot;this.usedCars&amp;quot; is null">
      <![CDATA[java.lang.NullPointerException: Cannot invoke "com.zigwheels.pages.UsedCars.checkPopularModels()" because "this.usedCars" is null
at com.zigwheels.tests.SearchHondaBikes.checkBoxes(SearchHondaBikes.java:59)
at java.base/java.util.ArrayList.forEach(ArrayList.java:1596)
... Removed 25 stack frames]]>
    </failure>
  </testcase> <!-- checkBoxes -->
  <testcase classname="com.zigwheels.tests.SearchHondaBikes" name="validateHondaBrand" time="0.0">
    <ignored/>
  </testcase> <!-- validateHondaBrand -->
  <testcase classname="com.zigwheels.tests.SearchHondaBikes" name="verifyNavigationtoUpcomingHondaBikes" time="0.0">
    <ignored/>
  </testcase> <!-- verifyNavigationtoUpcomingHondaBikes -->
  <testcase classname="com.zigwheels.tests.SearchHondaBikes" name="validatePrice" time="0.0">
    <ignored/>
  </testcase> <!-- validatePrice -->
  <testcase classname="com.zigwheels.tests.SearchHondaBikes" name="validateCars" time="0.0">
    <ignored/>
  </testcase> <!-- validateCars -->
</testsuite> <!-- Test(failed) -->
