<?xml version="1.0" encoding="UTF-8"?>
<testng-results ignored="0" total="10" passed="10" failed="0" skipped="0">
  <reporter-output>
  </reporter-output>
  <suite started-at="2025-08-29T17:35:02 IST" name="Default suite" finished-at="2025-08-29T17:36:08 IST" duration-ms="66091">
    <groups>
      <group name="cucumber">
        <method signature="AbstractTestNGCucumberTests.runScenario(io.cucumber.testng.PickleWrapper,io.cucumber.testng.FeatureWrapper)[pri:0, instance:com.zigwheels.testRunner.TestRunner@4c309d4d]" name="runScenario" class="io.cucumber.testng.AbstractTestNGCucumberTests"/>
      </group> <!-- cucumber -->
    </groups>
    <test started-at="2025-08-29T17:35:02 IST" name="Default test" finished-at="2025-08-29T17:36:08 IST" duration-ms="66091">
      <class name="com.zigwheels.testRunner.TestRunner">
        <test-method is-config="true" signature="beforeSuite()[pri:0, instance:com.zigwheels.testRunner.TestRunner@4c309d4d]" started-at="2025-08-29T17:35:02 IST" name="beforeSuite" finished-at="2025-08-29T17:35:02 IST" duration-ms="39" status="PASS">
          <reporter-output>
          </reporter-output>
        </test-method> <!-- beforeSuite -->
        <test-method is-config="true" signature="setUpClass(org.testng.ITestContext)[pri:0, instance:com.zigwheels.testRunner.TestRunner@4c309d4d]" started-at="2025-08-29T17:35:02 IST" name="setUpClass" finished-at="2025-08-29T17:35:04 IST" duration-ms="1704" status="PASS">
          <params>
            <param index="0">
              <value>
                <![CDATA[org.testng.TestRunner@7ed49a7f]]>
              </value>
            </param>
          </params>
          <reporter-output>
          </reporter-output>
        </test-method> <!-- setUpClass -->
        <test-method signature="runScenario(io.cucumber.testng.PickleWrapper,io.cucumber.testng.FeatureWrapper)[pri:0, instance:com.zigwheels.testRunner.TestRunner@4c309d4d]" started-at="2025-08-29T17:35:04 IST" name="runScenario" description="Runs Cucumber Scenarios" data-provider="scenarios" finished-at="2025-08-29T17:35:18 IST" duration-ms="14506" status="PASS">
          <params>
            <param index="0">
              <value>
                <![CDATA["User launches ZigWheels homepage"]]>
              </value>
            </param>
            <param index="1">
              <value>
                <![CDATA["Honda Bikes Details"]]>
              </value>
            </param>
          </params>
          <reporter-output>
          </reporter-output>
        </test-method> <!-- runScenario -->
        <test-method signature="runScenario(io.cucumber.testng.PickleWrapper,io.cucumber.testng.FeatureWrapper)[pri:0, instance:com.zigwheels.testRunner.TestRunner@4c309d4d]" started-at="2025-08-29T17:35:18 IST" name="runScenario" description="Runs Cucumber Scenarios" data-provider="scenarios" finished-at="2025-08-29T17:35:24 IST" duration-ms="6100" status="PASS">
          <params>
            <param index="0">
              <value>
                <![CDATA["User searches for upcoming Honda bikes"]]>
              </value>
            </param>
            <param index="1">
              <value>
                <![CDATA["Honda Bikes Details"]]>
              </value>
            </param>
          </params>
          <reporter-output>
          </reporter-output>
        </test-method> <!-- runScenario -->
        <test-method signature="runScenario(io.cucumber.testng.PickleWrapper,io.cucumber.testng.FeatureWrapper)[pri:0, instance:com.zigwheels.testRunner.TestRunner@4c309d4d]" started-at="2025-08-29T17:35:24 IST" name="runScenario" description="Runs Cucumber Scenarios" data-provider="scenarios" finished-at="2025-08-29T17:35:26 IST" duration-ms="2025" status="PASS">
          <params>
            <param index="0">
              <value>
                <![CDATA["Display all bikes from search results"]]>
              </value>
            </param>
            <param index="1">
              <value>
                <![CDATA["Honda Bikes Details"]]>
              </value>
            </param>
          </params>
          <reporter-output>
          </reporter-output>
        </test-method> <!-- runScenario -->
        <test-method signature="runScenario(io.cucumber.testng.PickleWrapper,io.cucumber.testng.FeatureWrapper)[pri:0, instance:com.zigwheels.testRunner.TestRunner@4c309d4d]" started-at="2025-08-29T17:35:26 IST" name="runScenario" description="Runs Cucumber Scenarios" data-provider="scenarios" finished-at="2025-08-29T17:35:27 IST" duration-ms="972" status="PASS">
          <params>
            <param index="0">
              <value>
                <![CDATA["Display Honda bikes under 4 lacs"]]>
              </value>
            </param>
            <param index="1">
              <value>
                <![CDATA["Honda Bikes Details"]]>
              </value>
            </param>
          </params>
          <reporter-output>
          </reporter-output>
        </test-method> <!-- runScenario -->
        <test-method signature="runScenario(io.cucumber.testng.PickleWrapper,io.cucumber.testng.FeatureWrapper)[pri:0, instance:com.zigwheels.testRunner.TestRunner@4c309d4d]" started-at="2025-08-29T17:35:27 IST" name="runScenario" description="Runs Cucumber Scenarios" data-provider="scenarios" finished-at="2025-08-29T17:35:35 IST" duration-ms="8051" status="PASS">
          <params>
            <param index="0">
              <value>
                <![CDATA["Navigate to Google login window"]]>
              </value>
            </param>
            <param index="1">
              <value>
                <![CDATA["Validate Google login flow"]]>
              </value>
            </param>
          </params>
          <reporter-output>
          </reporter-output>
        </test-method> <!-- runScenario -->
        <test-method signature="runScenario(io.cucumber.testng.PickleWrapper,io.cucumber.testng.FeatureWrapper)[pri:0, instance:com.zigwheels.testRunner.TestRunner@4c309d4d]" started-at="2025-08-29T17:35:35 IST" name="runScenario" description="Runs Cucumber Scenarios" data-provider="scenarios" finished-at="2025-08-29T17:35:36 IST" duration-ms="874" status="PASS">
          <params>
            <param index="0">
              <value>
                <![CDATA["User logins through Google his/her Google Account"]]>
              </value>
            </param>
            <param index="1">
              <value>
                <![CDATA["Validate Google login flow"]]>
              </value>
            </param>
          </params>
          <reporter-output>
          </reporter-output>
        </test-method> <!-- runScenario -->
        <test-method signature="runScenario(io.cucumber.testng.PickleWrapper,io.cucumber.testng.FeatureWrapper)[pri:0, instance:com.zigwheels.testRunner.TestRunner@4c309d4d]" started-at="2025-08-29T17:35:36 IST" name="runScenario" description="Runs Cucumber Scenarios" data-provider="scenarios" finished-at="2025-08-29T17:35:42 IST" duration-ms="5625" status="PASS">
          <params>
            <param index="0">
              <value>
                <![CDATA["Validate email error message"]]>
              </value>
            </param>
            <param index="1">
              <value>
                <![CDATA["Validate Google login flow"]]>
              </value>
            </param>
          </params>
          <reporter-output>
          </reporter-output>
        </test-method> <!-- runScenario -->
        <test-method signature="runScenario(io.cucumber.testng.PickleWrapper,io.cucumber.testng.FeatureWrapper)[pri:0, instance:com.zigwheels.testRunner.TestRunner@4c309d4d]" started-at="2025-08-29T17:35:42 IST" name="runScenario" description="Runs Cucumber Scenarios" data-provider="scenarios" finished-at="2025-08-29T17:35:53 IST" duration-ms="11149" status="PASS">
          <params>
            <param index="0">
              <value>
                <![CDATA["Searching for Used Cars in Chennai"]]>
              </value>
            </param>
            <param index="1">
              <value>
                <![CDATA["Used Cars details"]]>
              </value>
            </param>
          </params>
          <reporter-output>
          </reporter-output>
        </test-method> <!-- runScenario -->
        <test-method signature="runScenario(io.cucumber.testng.PickleWrapper,io.cucumber.testng.FeatureWrapper)[pri:0, instance:com.zigwheels.testRunner.TestRunner@4c309d4d]" started-at="2025-08-29T17:35:53 IST" name="runScenario" description="Runs Cucumber Scenarios" data-provider="scenarios" finished-at="2025-08-29T17:35:53 IST" duration-ms="41" status="PASS">
          <params>
            <param index="0">
              <value>
                <![CDATA["No Search Results Found"]]>
              </value>
            </param>
            <param index="1">
              <value>
                <![CDATA["Used Cars details"]]>
              </value>
            </param>
          </params>
          <reporter-output>
          </reporter-output>
        </test-method> <!-- runScenario -->
        <test-method signature="runScenario(io.cucumber.testng.PickleWrapper,io.cucumber.testng.FeatureWrapper)[pri:0, instance:com.zigwheels.testRunner.TestRunner@4c309d4d]" started-at="2025-08-29T17:35:53 IST" name="runScenario" description="Runs Cucumber Scenarios" data-provider="scenarios" finished-at="2025-08-29T17:36:08 IST" duration-ms="14761" status="PASS">
          <params>
            <param index="0">
              <value>
                <![CDATA["Filtering Popular Models"]]>
              </value>
            </param>
            <param index="1">
              <value>
                <![CDATA["Used Cars details"]]>
              </value>
            </param>
          </params>
          <reporter-output>
          </reporter-output>
        </test-method> <!-- runScenario -->
        <test-method is-config="true" signature="tearDownClass()[pri:0, instance:com.zigwheels.testRunner.TestRunner@4c309d4d]" started-at="2025-08-29T17:36:08 IST" name="tearDownClass" finished-at="2025-08-29T17:36:08 IST" duration-ms="98" status="PASS">
          <reporter-output>
          </reporter-output>
        </test-method> <!-- tearDownClass -->
        <test-method is-config="true" signature="afterSuite()[pri:0, instance:com.zigwheels.testRunner.TestRunner@4c309d4d]" started-at="2025-08-29T17:36:08 IST" name="afterSuite" finished-at="2025-08-29T17:36:08 IST" duration-ms="7" status="PASS">
          <reporter-output>
          </reporter-output>
        </test-method> <!-- afterSuite -->
      </class> <!-- com.zigwheels.testRunner.TestRunner -->
    </test> <!-- Default test -->
  </suite> <!-- Default suite -->
</testng-results>
