<?xml version="1.0" encoding="UTF-8"?>
<testng-results ignored="0" total="6" passed="5" failed="1" skipped="0">
  <reporter-output>
  </reporter-output>
  <suite started-at="2025-08-20T14:46:18 IST" name="Suite" finished-at="2025-08-20T14:47:09 IST" duration-ms="51335">
    <groups>
    </groups>
    <test started-at="2025-08-20T14:46:18 IST" name="Test" finished-at="2025-08-20T14:47:09 IST" duration-ms="51335">
      <class name="com.zigwheels.tests.SearchHondaBikes">
        <test-method is-config="true" signature="setup(java.lang.String)[pri:0, instance:com.zigwheels.tests.SearchHondaBikes@79079097]" started-at="2025-08-20T14:46:18 IST" name="setup" finished-at="2025-08-20T14:46:31 IST" duration-ms="12417" status="PASS">
          <params>
            <param index="0">
              <value>
                <![CDATA[edge]]>
              </value>
            </param>
          </params>
          <reporter-output>
          </reporter-output>
        </test-method> <!-- setup -->
        <test-method signature="verifyNavigationtoUpcomingHondaBikes()[pri:1, instance:com.zigwheels.tests.SearchHondaBikes@79079097]" started-at="2025-08-20T14:46:31 IST" name="verifyNavigationtoUpcomingHondaBikes" finished-at="2025-08-20T14:46:37 IST" duration-ms="6202" status="PASS">
          <reporter-output>
          </reporter-output>
        </test-method> <!-- verifyNavigationtoUpcomingHondaBikes -->
        <test-method signature="testSearchUpcomingHondaBikes()[pri:2, instance:com.zigwheels.tests.SearchHondaBikes@79079097]" started-at="2025-08-20T14:46:37 IST" name="testSearchUpcomingHondaBikes" finished-at="2025-08-20T14:46:38 IST" duration-ms="1265" status="PASS">
          <reporter-output>
          </reporter-output>
        </test-method> <!-- testSearchUpcomingHondaBikes -->
        <test-method signature="testBikeCardDetails()[pri:3, instance:com.zigwheels.tests.SearchHondaBikes@79079097]" started-at="2025-08-20T14:46:38 IST" name="testBikeCardDetails" finished-at="2025-08-20T14:46:38 IST" duration-ms="0" status="PASS">
          <reporter-output>
          </reporter-output>
        </test-method> <!-- testBikeCardDetails -->
        <test-method signature="testPriceBelowThreshold()[pri:4, instance:com.zigwheels.tests.SearchHondaBikes@79079097]" started-at="2025-08-20T14:46:38 IST" name="testPriceBelowThreshold" finished-at="2025-08-20T14:46:38 IST" duration-ms="8" status="PASS">
          <reporter-output>
          </reporter-output>
        </test-method> <!-- testPriceBelowThreshold -->
        <test-method signature="validateCars()[pri:11, instance:com.zigwheels.tests.SearchHondaBikes@79079097]" started-at="2025-08-20T14:46:38 IST" name="validateCars" finished-at="2025-08-20T14:46:48 IST" duration-ms="9940" status="PASS">
          <reporter-output>
          </reporter-output>
        </test-method> <!-- validateCars -->
        <test-method signature="checkBoxes()[pri:12, instance:com.zigwheels.tests.SearchHondaBikes@79079097]" started-at="2025-08-20T14:46:48 IST" name="checkBoxes" finished-at="2025-08-20T14:47:02 IST" depends-on-methods="com.zigwheels.tests.SearchHondaBikes.validateCars" duration-ms="13262" status="FAIL">
          <exception class="org.openqa.selenium.StaleElementReferenceException">
            <message>
              <![CDATA[stale element reference: stale element not found in the current frame
  (Session info: MicrosoftEdge=138.0.3351.121)
For documentation on this error, please visit: https://www.selenium.dev/documentation/webdriver/troubleshooting/errors#stale-element-reference-exception
Build info: version: '4.34.0', revision: '707dcb4246*'
System info: os.name: 'Windows 11', os.arch: 'amd64', os.version: '10.0', java.version: '21'
Driver info: org.openqa.selenium.edge.EdgeDriver
Command: [94fdd03af2b293f900ef31ad3f98f752, getElementText {id=f.563CB5F9214775B447A8A63B9830B805.d.958BFB5A7333F28BAF94A9267B52118B.e.276}]
Capabilities {acceptInsecureCerts: false, browserName: MicrosoftEdge, browserVersion: 138.0.3351.121, fedcm:accounts: true, ms:edgeOptions: {debuggerAddress: localhost:58676}, msedge: {msedgedriverVersion: 138.0.3351.83 (16e2a7bef320..., userDataDir: C:\Users\2421291\AppData\Lo...}, networkConnectionEnabled: false, pageLoadStrategy: normal, platformName: windows, proxy: Proxy(), se:cdp: ws://localhost:58676/devtoo..., se:cdpVersion: 138.0.3351.121, setWindowRect: true, strictFileInteractability: false, timeouts: {implicit: 0, pageLoad: 300000, script: 30000}, unhandledPromptBehavior: dismiss and notify, webauthn:extension:credBlob: true, webauthn:extension:largeBlob: true, webauthn:extension:minPinLength: true, webauthn:extension:prf: true, webauthn:virtualAuthenticators: true}
Element: [[EdgeDriver: MicrosoftEdge on windows (94fdd03af2b293f900ef31ad3f98f752)] -> xpath: //*[@class='zw-sr-searchWrap zw-sr-searchGrid']/div/div/div[3]/div[2]/a]
Session ID: 94fdd03af2b293f900ef31ad3f98f752]]>
            </message>
            <full-stacktrace>
              <![CDATA[org.openqa.selenium.StaleElementReferenceException: stale element reference: stale element not found in the current frame
  (Session info: MicrosoftEdge=138.0.3351.121)
For documentation on this error, please visit: https://www.selenium.dev/documentation/webdriver/troubleshooting/errors#stale-element-reference-exception
Build info: version: '4.34.0', revision: '707dcb4246*'
System info: os.name: 'Windows 11', os.arch: 'amd64', os.version: '10.0', java.version: '21'
Driver info: org.openqa.selenium.edge.EdgeDriver
Command: [94fdd03af2b293f900ef31ad3f98f752, getElementText {id=f.563CB5F9214775B447A8A63B9830B805.d.958BFB5A7333F28BAF94A9267B52118B.e.276}]
Capabilities {acceptInsecureCerts: false, browserName: MicrosoftEdge, browserVersion: 138.0.3351.121, fedcm:accounts: true, ms:edgeOptions: {debuggerAddress: localhost:58676}, msedge: {msedgedriverVersion: 138.0.3351.83 (16e2a7bef320..., userDataDir: C:\Users\2421291\AppData\Lo...}, networkConnectionEnabled: false, pageLoadStrategy: normal, platformName: windows, proxy: Proxy(), se:cdp: ws://localhost:58676/devtoo..., se:cdpVersion: 138.0.3351.121, setWindowRect: true, strictFileInteractability: false, timeouts: {implicit: 0, pageLoad: 300000, script: 30000}, unhandledPromptBehavior: dismiss and notify, webauthn:extension:credBlob: true, webauthn:extension:largeBlob: true, webauthn:extension:minPinLength: true, webauthn:extension:prf: true, webauthn:virtualAuthenticators: true}
Element: [[EdgeDriver: MicrosoftEdge on windows (94fdd03af2b293f900ef31ad3f98f752)] -> xpath: //*[@class='zw-sr-searchWrap zw-sr-searchGrid']/div/div/div[3]/div[2]/a]
Session ID: 94fdd03af2b293f900ef31ad3f98f752
at java.base/jdk.internal.reflect.DirectConstructorHandleAccessor.newInstance(DirectConstructorHandleAccessor.java:62)
at java.base/java.lang.reflect.Constructor.newInstanceWithCaller(Constructor.java:502)
at java.base/java.lang.reflect.Constructor.newInstance(Constructor.java:486)
at org.openqa.selenium.remote.ErrorCodec.decode(ErrorCodec.java:167)
at org.openqa.selenium.remote.codec.w3c.W3CHttpResponseCodec.decode(W3CHttpResponseCodec.java:138)
at org.openqa.selenium.remote.codec.w3c.W3CHttpResponseCodec.decode(W3CHttpResponseCodec.java:50)
at org.openqa.selenium.remote.HttpCommandExecutor.execute(HttpCommandExecutor.java:215)
at org.openqa.selenium.remote.service.DriverCommandExecutor.invokeExecute(DriverCommandExecutor.java:216)
at org.openqa.selenium.remote.service.DriverCommandExecutor.execute(DriverCommandExecutor.java:174)
at org.openqa.selenium.remote.RemoteWebDriver.execute(RemoteWebDriver.java:544)
at org.openqa.selenium.remote.RemoteWebElement.execute(RemoteWebElement.java:223)
at org.openqa.selenium.remote.RemoteWebElement.getText(RemoteWebElement.java:191)
at com.zigwheels.pages.UsedCars.checkPopularModels(UsedCars.java:84)
at com.zigwheels.tests.SearchHondaBikes.checkBoxes(SearchHondaBikes.java:74)
at java.base/jdk.internal.reflect.DirectMethodHandleAccessor.invoke(DirectMethodHandleAccessor.java:103)
at java.base/java.lang.reflect.Method.invoke(Method.java:580)
at org.testng.internal.invokers.MethodInvocationHelper.invokeMethod(MethodInvocationHelper.java:141)
at org.testng.internal.invokers.TestInvoker.invokeMethod(TestInvoker.java:687)
at org.testng.internal.invokers.TestInvoker.invokeTestMethod(TestInvoker.java:230)
at org.testng.internal.invokers.MethodRunner.runInSequence(MethodRunner.java:63)
at org.testng.internal.invokers.TestInvoker$MethodInvocationAgent.invoke(TestInvoker.java:995)
at org.testng.internal.invokers.TestInvoker.invokeTestMethods(TestInvoker.java:203)
at org.testng.internal.invokers.TestMethodWorker.invokeTestMethods(TestMethodWorker.java:154)
at org.testng.internal.invokers.TestMethodWorker.run(TestMethodWorker.java:134)
at java.base/java.util.ArrayList.forEach(ArrayList.java:1596)
at org.testng.TestRunner.privateRun(TestRunner.java:741)
at org.testng.TestRunner.run(TestRunner.java:616)
at org.testng.SuiteRunner.runTest(SuiteRunner.java:421)
at org.testng.SuiteRunner.runSequentially(SuiteRunner.java:413)
at org.testng.SuiteRunner.privateRun(SuiteRunner.java:373)
at org.testng.SuiteRunner.run(SuiteRunner.java:312)
at org.testng.SuiteRunnerWorker.runSuite(SuiteRunnerWorker.java:52)
at org.testng.SuiteRunnerWorker.run(SuiteRunnerWorker.java:95)
at org.testng.TestNG.runSuitesSequentially(TestNG.java:1274)
at org.testng.TestNG.runSuitesLocally(TestNG.java:1208)
at org.testng.TestNG.runSuites(TestNG.java:1112)
at org.testng.TestNG.run(TestNG.java:1079)
at org.testng.remote.AbstractRemoteTestNG.run(AbstractRemoteTestNG.java:115)
at org.testng.remote.RemoteTestNG.initAndRun(RemoteTestNG.java:293)
at org.testng.remote.RemoteTestNG.main(RemoteTestNG.java:91)
]]>
            </full-stacktrace>
          </exception> <!-- org.openqa.selenium.StaleElementReferenceException -->
          <reporter-output>
          </reporter-output>
        </test-method> <!-- checkBoxes -->
        <test-method is-config="true" signature="tearDown()[pri:0, instance:com.zigwheels.tests.SearchHondaBikes@79079097]" started-at="2025-08-20T14:47:02 IST" name="tearDown" finished-at="2025-08-20T14:47:09 IST" duration-ms="7554" status="PASS">
          <reporter-output>
          </reporter-output>
        </test-method> <!-- tearDown -->
      </class> <!-- com.zigwheels.tests.SearchHondaBikes -->
    </test> <!-- Test -->
  </suite> <!-- Suite -->
</testng-results>
